2014/11/13 12:01:49 [error] [exception.CException] exception 'CException' with message 'Property "CUrlManager.showScriptname" is not defined.' in C:\xampp\htdocs\kikiw\framework\base\CComponent.php:173
Stack trace:
#0 C:\xampp\htdocs\kikiw\framework\YiiBase.php(220): CComponent->__set('showScriptname', false)
#1 C:\xampp\htdocs\kikiw\framework\base\CModule.php(386): YiiBase::createComponent(Array)
#2 C:\xampp\htdocs\kikiw\framework\base\CApplication.php(522): CModule->getComponent('urlManager')
#3 C:\xampp\htdocs\kikiw\framework\web\CWebApplication.php(140): CApplication->getUrlManager()
#4 C:\xampp\htdocs\kikiw\framework\base\CApplication.php(180): CWebApplication->processRequest()
#5 C:\xampp\htdocs\kikiw\index.php(14): CApplication->run()
#6 {main}
REQUEST_URI=/kikiw/
---
2014/11/13 12:09:58 [error] [php] include(Role.php): failed to open stream: No such file or directory (C:\xampp\htdocs\kikiw\framework\YiiBase.php:427)
Stack trace:
#0 C:\xampp\htdocs\kikiw\protected\controllers\RoleController.php(33): spl_autoload_call()
#1 C:\xampp\htdocs\kikiw\framework\web\actions\CInlineAction.php(49): RoleController->actionIndex()
#2 C:\xampp\htdocs\kikiw\framework\web\CController.php(308): CInlineAction->runWithParams()
#3 C:\xampp\htdocs\kikiw\framework\web\filters\CFilterChain.php(133): RoleController->runAction()
#4 C:\xampp\htdocs\kikiw\framework\web\filters\CFilter.php(40): CFilterChain->run()
#5 C:\xampp\htdocs\kikiw\framework\web\CController.php(1145): CAccessControlFilter->filter()
#6 C:\xampp\htdocs\kikiw\framework\web\filters\CInlineFilter.php(58): RoleController->filterAccessControl()
#7 C:\xampp\htdocs\kikiw\framework\web\filters\CFilterChain.php(130): CInlineFilter->filter()
#8 C:\xampp\htdocs\kikiw\framework\web\CController.php(291): CFilterChain->run()
#9 C:\xampp\htdocs\kikiw\framework\web\CController.php(265): RoleController->runActionWithFilters()
#10 C:\xampp\htdocs\kikiw\framework\web\CWebApplication.php(282): RoleController->run()
#11 C:\xampp\htdocs\kikiw\framework\web\CWebApplication.php(141): CWebApplication->runController()
#12 C:\xampp\htdocs\kikiw\framework\base\CApplication.php(180): CWebApplication->processRequest()
#13 C:\xampp\htdocs\kikiw\index.php(14): CWebApplication->run()
REQUEST_URI=/kikiw/role
in C:\xampp\htdocs\kikiw\protected\controllers\RoleController.php (33)
in C:\xampp\htdocs\kikiw\index.php (14)
2014/11/13 12:20:48 [error] [exception.CHttpException.400] exception 'CHttpException' with message 'Request anda tidak valid' in C:\xampp\htdocs\kikiw\framework\web\CController.php:336
Stack trace:
#0 C:\xampp\htdocs\kikiw\framework\web\CController.php(309): CController->invalidActionParams(Object(CInlineAction))
#1 C:\xampp\htdocs\kikiw\framework\web\filters\CFilterChain.php(133): CController->runAction(Object(CInlineAction))
#2 C:\xampp\htdocs\kikiw\framework\web\filters\CFilter.php(40): CFilterChain->run()
#3 C:\xampp\htdocs\kikiw\framework\web\CController.php(1145): CFilter->filter(Object(CFilterChain))
#4 C:\xampp\htdocs\kikiw\framework\web\filters\CInlineFilter.php(58): CController->filterAccessControl(Object(CFilterChain))
#5 C:\xampp\htdocs\kikiw\framework\web\filters\CFilterChain.php(130): CInlineFilter->filter(Object(CFilterChain))
#6 C:\xampp\htdocs\kikiw\framework\web\CController.php(291): CFilterChain->run()
#7 C:\xampp\htdocs\kikiw\framework\web\CController.php(265): CController->runActionWithFilters(Object(CInlineAction), Array)
#8 C:\xampp\htdocs\kikiw\framework\web\CWebApplication.php(282): CController->run('update')
#9 C:\xampp\htdocs\kikiw\framework\web\CWebApplication.php(141): CWebApplication->runController('role/update')
#10 C:\xampp\htdocs\kikiw\framework\base\CApplication.php(180): CWebApplication->processRequest()
#11 C:\xampp\htdocs\kikiw\index.php(14): CApplication->run()
#12 {main}
REQUEST_URI=/kikiw/role/update/1
HTTP_REFERER=http://localhost:94/kikiw/role/index
---
2014/11/13 12:21:57 [error] [php] Use of undefined constant wase - assumed 'wase' (C:\xampp\htdocs\kikiw\framework\base\CComponent.php(612) : eval()'d code:1)
Stack trace:
#0 C:\xampp\htdocs\kikiw\framework\zii\widgets\grid\CButtonColumn.php(319): CButtonColumn->renderButton()
#1 C:\xampp\htdocs\kikiw\framework\zii\widgets\grid\CGridColumn.php(151): CButtonColumn->renderDataCellContent()
#2 C:\xampp\htdocs\kikiw\framework\zii\widgets\grid\CGridView.php(616): CButtonColumn->renderDataCell()
#3 C:\xampp\htdocs\kikiw\framework\zii\widgets\grid\CGridView.php(572): CGridView->renderTableRow()
#4 C:\xampp\htdocs\kikiw\framework\zii\widgets\grid\CGridView.php(482): CGridView->renderTableBody()
#5 C:\xampp\htdocs\kikiw\framework\zii\widgets\CBaseListView.php(167): CGridView->renderItems()
#6 unknown(0): CGridView->renderSection()
#7 C:\xampp\htdocs\kikiw\framework\zii\widgets\CBaseListView.php(150): preg_replace_callback()
#8 C:\xampp\htdocs\kikiw\framework\zii\widgets\CBaseListView.php(135): CGridView->renderContent()
#9 C:\xampp\htdocs\kikiw\framework\web\CBaseController.php(173): CGridView->run()
#10 C:\xampp\htdocs\kikiw\protected\views\role\index.php(33): RoleController->widget()
#11 C:\xampp\htdocs\kikiw\framework\web\CBaseController.php(126): require()
#12 C:\xampp\htdocs\kikiw\framework\web\CBaseController.php(95): RoleController->renderInternal()
#13 C:\xampp\htdocs\kikiw\framework\web\CController.php(869): RoleController->renderFile()
#14 C:\xampp\htdocs\kikiw\framework\web\CController.php(782): RoleController->renderPartial()
#15 C:\xampp\htdocs\kikiw\protected\controllers\RoleController.php(40): RoleController->render()
#16 C:\xampp\htdocs\kikiw\framework\web\actions\CInlineAction.php(49): RoleController->actionIndex()
#17 C:\xampp\htdocs\kikiw\framework\web\CController.php(308): CInlineAction->runWithParams()
#18 C:\xampp\htdocs\kikiw\framework\web\filters\CFilterChain.php(133): RoleController->runAction()
#19 C:\xampp\htdocs\kikiw\framework\web\filters\CFilter.php(40): CFilterChain->run()
#20 C:\xampp\htdocs\kikiw\framework\web\CController.php(1145): CAccessControlFilter->filter()
#21 C:\xampp\htdocs\kikiw\framework\web\filters\CInlineFilter.php(58): RoleController->filterAccessControl()
#22 C:\xampp\htdocs\kikiw\framework\web\filters\CFilterChain.php(130): CInlineFilter->filter()
#23 C:\xampp\htdocs\kikiw\framework\web\CController.php(291): CFilterChain->run()
#24 C:\xampp\htdocs\kikiw\framework\web\CController.php(265): RoleController->runActionWithFilters()
#25 C:\xampp\htdocs\kikiw\framework\web\CWebApplication.php(282): RoleController->run()
#26 C:\xampp\htdocs\kikiw\framework\web\CWebApplication.php(141): CWebApplication->runController()
#27 C:\xampp\htdocs\kikiw\framework\base\CApplication.php(180): CWebApplication->processRequest()
#28 C:\xampp\htdocs\kikiw\index.php(14): CWebApplication->run()
REQUEST_URI=/kikiw/role/index
in C:\xampp\htdocs\kikiw\protected\views\role\index.php (33)
in C:\xampp\htdocs\kikiw\protected\controllers\RoleController.php (40)
in C:\xampp\htdocs\kikiw\index.php (14)
2014/11/13 12:28:24 [error] [php] Undefined variable: inc (C:\xampp\htdocs\kikiw\framework\base\CComponent.php(612) : eval()'d code:1)
Stack trace:
#0 C:\xampp\htdocs\kikiw\framework\zii\widgets\grid\CButtonColumn.php(319): CButtonColumn->renderButton()
#1 C:\xampp\htdocs\kikiw\framework\zii\widgets\grid\CGridColumn.php(151): CButtonColumn->renderDataCellContent()
#2 C:\xampp\htdocs\kikiw\framework\zii\widgets\grid\CGridView.php(616): CButtonColumn->renderDataCell()
#3 C:\xampp\htdocs\kikiw\framework\zii\widgets\grid\CGridView.php(572): CGridView->renderTableRow()
#4 C:\xampp\htdocs\kikiw\framework\zii\widgets\grid\CGridView.php(482): CGridView->renderTableBody()
#5 C:\xampp\htdocs\kikiw\framework\zii\widgets\CBaseListView.php(167): CGridView->renderItems()
#6 unknown(0): CGridView->renderSection()
#7 C:\xampp\htdocs\kikiw\framework\zii\widgets\CBaseListView.php(150): preg_replace_callback()
#8 C:\xampp\htdocs\kikiw\framework\zii\widgets\CBaseListView.php(135): CGridView->renderContent()
#9 C:\xampp\htdocs\kikiw\framework\web\CBaseController.php(173): CGridView->run()
#10 C:\xampp\htdocs\kikiw\protected\views\role\index.php(33): RoleController->widget()
#11 C:\xampp\htdocs\kikiw\framework\web\CBaseController.php(126): require()
#12 C:\xampp\htdocs\kikiw\framework\web\CBaseController.php(95): RoleController->renderInternal()
#13 C:\xampp\htdocs\kikiw\framework\web\CController.php(869): RoleController->renderFile()
#14 C:\xampp\htdocs\kikiw\framework\web\CController.php(782): RoleController->renderPartial()
#15 C:\xampp\htdocs\kikiw\protected\controllers\RoleController.php(42): RoleController->render()
#16 C:\xampp\htdocs\kikiw\framework\web\actions\CInlineAction.php(49): RoleController->actionIndex()
#17 C:\xampp\htdocs\kikiw\framework\web\CController.php(308): CInlineAction->runWithParams()
#18 C:\xampp\htdocs\kikiw\framework\web\filters\CFilterChain.php(133): RoleController->runAction()
#19 C:\xampp\htdocs\kikiw\framework\web\filters\CFilter.php(40): CFilterChain->run()
#20 C:\xampp\htdocs\kikiw\framework\web\CController.php(1145): CAccessControlFilter->filter()
#21 C:\xampp\htdocs\kikiw\framework\web\filters\CInlineFilter.php(58): RoleController->filterAccessControl()
#22 C:\xampp\htdocs\kikiw\framework\web\filters\CFilterChain.php(130): CInlineFilter->filter()
#23 C:\xampp\htdocs\kikiw\framework\web\CController.php(291): CFilterChain->run()
#24 C:\xampp\htdocs\kikiw\framework\web\CController.php(265): RoleController->runActionWithFilters()
#25 C:\xampp\htdocs\kikiw\framework\web\CWebApplication.php(282): RoleController->run()
#26 C:\xampp\htdocs\kikiw\framework\web\CWebApplication.php(141): CWebApplication->runController()
#27 C:\xampp\htdocs\kikiw\framework\base\CApplication.php(180): CWebApplication->processRequest()
#28 C:\xampp\htdocs\kikiw\index.php(14): CWebApplication->run()
REQUEST_URI=/kikiw/role/index
in C:\xampp\htdocs\kikiw\protected\views\role\index.php (33)
in C:\xampp\htdocs\kikiw\protected\controllers\RoleController.php (42)
in C:\xampp\htdocs\kikiw\index.php (14)
2014/11/13 12:31:29 [error] [php] Missing argument 1 for CApplication::createAbsoluteUrl(), called in C:\xampp\htdocs\kikiw\protected\components\inc.php on line 17 and defined (C:\xampp\htdocs\kikiw\framework\base\CApplication.php:554)
Stack trace:
#0 C:\xampp\htdocs\kikiw\framework\base\CComponent.php(612): eval()
#1 C:\xampp\htdocs\kikiw\framework\zii\widgets\grid\CButtonColumn.php(340): CButtonColumn->evaluateExpression()
#2 C:\xampp\htdocs\kikiw\framework\zii\widgets\grid\CButtonColumn.php(319): CButtonColumn->renderButton()
#3 C:\xampp\htdocs\kikiw\framework\zii\widgets\grid\CGridColumn.php(151): CButtonColumn->renderDataCellContent()
#4 C:\xampp\htdocs\kikiw\framework\zii\widgets\grid\CGridView.php(616): CButtonColumn->renderDataCell()
#5 C:\xampp\htdocs\kikiw\framework\zii\widgets\grid\CGridView.php(572): CGridView->renderTableRow()
#6 C:\xampp\htdocs\kikiw\framework\zii\widgets\grid\CGridView.php(482): CGridView->renderTableBody()
#7 C:\xampp\htdocs\kikiw\framework\zii\widgets\CBaseListView.php(167): CGridView->renderItems()
#8 unknown(0): CGridView->renderSection()
#9 C:\xampp\htdocs\kikiw\framework\zii\widgets\CBaseListView.php(150): preg_replace_callback()
#10 C:\xampp\htdocs\kikiw\framework\zii\widgets\CBaseListView.php(135): CGridView->renderContent()
#11 C:\xampp\htdocs\kikiw\framework\web\CBaseController.php(173): CGridView->run()
#12 C:\xampp\htdocs\kikiw\protected\views\role\index.php(33): RoleController->widget()
#13 C:\xampp\htdocs\kikiw\framework\web\CBaseController.php(126): require()
#14 C:\xampp\htdocs\kikiw\framework\web\CBaseController.php(95): RoleController->renderInternal()
#15 C:\xampp\htdocs\kikiw\framework\web\CController.php(869): RoleController->renderFile()
#16 C:\xampp\htdocs\kikiw\framework\web\CController.php(782): RoleController->renderPartial()
#17 C:\xampp\htdocs\kikiw\protected\controllers\RoleController.php(42): RoleController->render()
#18 C:\xampp\htdocs\kikiw\framework\web\actions\CInlineAction.php(49): RoleController->actionIndex()
#19 C:\xampp\htdocs\kikiw\framework\web\CController.php(308): CInlineAction->runWithParams()
#20 C:\xampp\htdocs\kikiw\framework\web\filters\CFilterChain.php(133): RoleController->runAction()
#21 C:\xampp\htdocs\kikiw\framework\web\filters\CFilter.php(40): CFilterChain->run()
#22 C:\xampp\htdocs\kikiw\framework\web\CController.php(1145): CAccessControlFilter->filter()
#23 C:\xampp\htdocs\kikiw\framework\web\filters\CInlineFilter.php(58): RoleController->filterAccessControl()
#24 C:\xampp\htdocs\kikiw\framework\web\filters\CFilterChain.php(130): CInlineFilter->filter()
#25 C:\xampp\htdocs\kikiw\framework\web\CController.php(291): CFilterChain->run()
#26 C:\xampp\htdocs\kikiw\framework\web\CController.php(265): RoleController->runActionWithFilters()
#27 C:\xampp\htdocs\kikiw\framework\web\CWebApplication.php(282): RoleController->run()
#28 C:\xampp\htdocs\kikiw\framework\web\CWebApplication.php(141): CWebApplication->runController()
#29 C:\xampp\htdocs\kikiw\framework\base\CApplication.php(180): CWebApplication->processRequest()
#30 C:\xampp\htdocs\kikiw\index.php(14): CWebApplication->run()
REQUEST_URI=/kikiw/role/index
in C:\xampp\htdocs\kikiw\protected\components\inc.php (17)
in C:\xampp\htdocs\kikiw\protected\views\role\index.php (33)
in C:\xampp\htdocs\kikiw\protected\controllers\RoleController.php (42)
2014/11/13 12:39:35 [error] [php] include(ar.php): failed to open stream: No such file or directory (C:\xampp\htdocs\kikiw\framework\YiiBase.php:427)
Stack trace:
#0 C:\xampp\htdocs\kikiw\protected\controllers\RoleController.php(79): spl_autoload_call()
#1 unknown(0): RoleController->actionHapus()
#2 C:\xampp\htdocs\kikiw\framework\web\actions\CAction.php(108): ReflectionMethod->invokeArgs()
#3 C:\xampp\htdocs\kikiw\framework\web\actions\CInlineAction.php(47): CInlineAction->runWithParamsInternal()
#4 C:\xampp\htdocs\kikiw\framework\web\CController.php(308): CInlineAction->runWithParams()
#5 C:\xampp\htdocs\kikiw\framework\web\filters\CFilterChain.php(133): RoleController->runAction()
#6 C:\xampp\htdocs\kikiw\framework\web\filters\CFilter.php(40): CFilterChain->run()
#7 C:\xampp\htdocs\kikiw\framework\web\CController.php(1145): CAccessControlFilter->filter()
#8 C:\xampp\htdocs\kikiw\framework\web\filters\CInlineFilter.php(58): RoleController->filterAccessControl()
#9 C:\xampp\htdocs\kikiw\framework\web\filters\CFilterChain.php(130): CInlineFilter->filter()
#10 C:\xampp\htdocs\kikiw\framework\web\CController.php(291): CFilterChain->run()
#11 C:\xampp\htdocs\kikiw\framework\web\CController.php(265): RoleController->runActionWithFilters()
#12 C:\xampp\htdocs\kikiw\framework\web\CWebApplication.php(282): RoleController->run()
#13 C:\xampp\htdocs\kikiw\framework\web\CWebApplication.php(141): CWebApplication->runController()
#14 C:\xampp\htdocs\kikiw\framework\base\CApplication.php(180): CWebApplication->processRequest()
#15 C:\xampp\htdocs\kikiw\index.php(14): CWebApplication->run()
REQUEST_URI=/kikiw/role/hapus/oid/1/token/0e6a267b9fc60f31905adc597bdb8546
in C:\xampp\htdocs\kikiw\protected\controllers\RoleController.php (79)
in C:\xampp\htdocs\kikiw\index.php (14)
2014/11/13 12:43:35 [error] [php] Undefined variable: model (C:\xampp\htdocs\kikiw\protected\controllers\RoleController.php:84)
Stack trace:
#0 C:\xampp\htdocs\kikiw\framework\web\actions\CInlineAction.php(47): CInlineAction->runWithParamsInternal()
#1 C:\xampp\htdocs\kikiw\framework\web\CController.php(308): CInlineAction->runWithParams()
#2 C:\xampp\htdocs\kikiw\framework\web\filters\CFilterChain.php(133): RoleController->runAction()
#3 C:\xampp\htdocs\kikiw\framework\web\filters\CFilter.php(40): CFilterChain->run()
#4 C:\xampp\htdocs\kikiw\framework\web\CController.php(1145): CAccessControlFilter->filter()
#5 C:\xampp\htdocs\kikiw\framework\web\filters\CInlineFilter.php(58): RoleController->filterAccessControl()
#6 C:\xampp\htdocs\kikiw\framework\web\filters\CFilterChain.php(130): CInlineFilter->filter()
#7 C:\xampp\htdocs\kikiw\framework\web\CController.php(291): CFilterChain->run()
#8 C:\xampp\htdocs\kikiw\framework\web\CController.php(265): RoleController->runActionWithFilters()
#9 C:\xampp\htdocs\kikiw\framework\web\CWebApplication.php(282): RoleController->run()
#10 C:\xampp\htdocs\kikiw\framework\web\CWebApplication.php(141): CWebApplication->runController()
#11 C:\xampp\htdocs\kikiw\framework\base\CApplication.php(180): CWebApplication->processRequest()
#12 C:\xampp\htdocs\kikiw\index.php(14): CWebApplication->run()
REQUEST_URI=/kikiw/role/hapus/oid/1/token/0e6a267b9fc60f31905adc597bdb8546
in C:\xampp\htdocs\kikiw\protected\controllers\RoleController.php (84)
in C:\xampp\htdocs\kikiw\index.php (14)
2014/11/13 12:43:48 [error] [php] Undefined variable: model (C:\xampp\htdocs\kikiw\protected\controllers\RoleController.php:85)
Stack trace:
#0 C:\xampp\htdocs\kikiw\framework\web\actions\CInlineAction.php(47): CInlineAction->runWithParamsInternal()
#1 C:\xampp\htdocs\kikiw\framework\web\CController.php(308): CInlineAction->runWithParams()
#2 C:\xampp\htdocs\kikiw\framework\web\filters\CFilterChain.php(133): RoleController->runAction()
#3 C:\xampp\htdocs\kikiw\framework\web\filters\CFilter.php(40): CFilterChain->run()
#4 C:\xampp\htdocs\kikiw\framework\web\CController.php(1145): CAccessControlFilter->filter()
#5 C:\xampp\htdocs\kikiw\framework\web\filters\CInlineFilter.php(58): RoleController->filterAccessControl()
#6 C:\xampp\htdocs\kikiw\framework\web\filters\CFilterChain.php(130): CInlineFilter->filter()
#7 C:\xampp\htdocs\kikiw\framework\web\CController.php(291): CFilterChain->run()
#8 C:\xampp\htdocs\kikiw\framework\web\CController.php(265): RoleController->runActionWithFilters()
#9 C:\xampp\htdocs\kikiw\framework\web\CWebApplication.php(282): RoleController->run()
#10 C:\xampp\htdocs\kikiw\framework\web\CWebApplication.php(141): CWebApplication->runController()
#11 C:\xampp\htdocs\kikiw\framework\base\CApplication.php(180): CWebApplication->processRequest()
#12 C:\xampp\htdocs\kikiw\index.php(14): CWebApplication->run()
REQUEST_URI=/kikiw/role/hapus/oid/1/token/0e6a267b9fc60f31905adc597bdb8546
in C:\xampp\htdocs\kikiw\protected\controllers\RoleController.php (85)
in C:\xampp\htdocs\kikiw\index.php (14)
2014/11/13 16:37:39 [error] [php] include(required , role_id.php): failed to open stream: No such file or directory (C:\xampp\htdocs\crud_sederhana_yii1\framework\YiiBase.php:427)
Stack trace:
#0 C:\xampp\htdocs\crud_sederhana_yii1\framework\validators\CValidator.php(186): import()
#1 C:\xampp\htdocs\crud_sederhana_yii1\framework\base\CModel.php(287): createValidator()
#2 C:\xampp\htdocs\crud_sederhana_yii1\framework\base\CModel.php(260): MasUser->createValidators()
#3 C:\xampp\htdocs\crud_sederhana_yii1\framework\base\CModel.php(547): MasUser->getValidators()
#4 C:\xampp\htdocs\crud_sederhana_yii1\framework\web\widgets\CActiveForm.php(564): MasUser->getSafeAttributeNames()
#5 C:\xampp\htdocs\crud_sederhana_yii1\protected\views\user\_form.php(17): CActiveForm->errorSummary()
#6 C:\xampp\htdocs\crud_sederhana_yii1\framework\web\CBaseController.php(126): require()
#7 C:\xampp\htdocs\crud_sederhana_yii1\framework\web\CBaseController.php(95): UserController->renderInternal()
#8 C:\xampp\htdocs\crud_sederhana_yii1\framework\web\CController.php(869): UserController->renderFile()
#9 C:\xampp\htdocs\crud_sederhana_yii1\framework\web\CController.php(782): UserController->renderPartial()
#10 C:\xampp\htdocs\crud_sederhana_yii1\protected\controllers\UserController.php(68): UserController->render()
#11 C:\xampp\htdocs\crud_sederhana_yii1\framework\web\actions\CInlineAction.php(49): UserController->actionCreate()
#12 C:\xampp\htdocs\crud_sederhana_yii1\framework\web\CController.php(308): CInlineAction->runWithParams()
#13 C:\xampp\htdocs\crud_sederhana_yii1\framework\web\filters\CFilterChain.php(133): UserController->runAction()
#14 C:\xampp\htdocs\crud_sederhana_yii1\framework\web\filters\CFilter.php(40): CFilterChain->run()
#15 C:\xampp\htdocs\crud_sederhana_yii1\framework\web\CController.php(1145): CAccessControlFilter->filter()
#16 C:\xampp\htdocs\crud_sederhana_yii1\framework\web\filters\CInlineFilter.php(58): UserController->filterAccessControl()
#17 C:\xampp\htdocs\crud_sederhana_yii1\framework\web\filters\CFilterChain.php(130): CInlineFilter->filter()
#18 C:\xampp\htdocs\crud_sederhana_yii1\framework\web\CController.php(291): CFilterChain->run()
#19 C:\xampp\htdocs\crud_sederhana_yii1\framework\web\CController.php(265): UserController->runActionWithFilters()
#20 C:\xampp\htdocs\crud_sederhana_yii1\framework\web\CWebApplication.php(282): UserController->run()
#21 C:\xampp\htdocs\crud_sederhana_yii1\framework\web\CWebApplication.php(141): CWebApplication->runController()
#22 C:\xampp\htdocs\crud_sederhana_yii1\framework\base\CApplication.php(180): CWebApplication->processRequest()
#23 C:\xampp\htdocs\crud_sederhana_yii1\index.php(14): CWebApplication->run()
REQUEST_URI=/crud_sederhana_yii1/user/create
in C:\xampp\htdocs\crud_sederhana_yii1\protected\views\user\_form.php (17)
in C:\xampp\htdocs\crud_sederhana_yii1\protected\controllers\UserController.php (68)
in C:\xampp\htdocs\crud_sederhana_yii1\index.php (14)
2014/11/13 16:38:34 [error] [php] include(required , role_id.php): failed to open stream: No such file or directory (C:\xampp\htdocs\crud_sederhana_yii1\framework\YiiBase.php:427)
Stack trace:
#0 C:\xampp\htdocs\crud_sederhana_yii1\framework\validators\CValidator.php(186): import()
#1 C:\xampp\htdocs\crud_sederhana_yii1\framework\base\CModel.php(287): createValidator()
#2 C:\xampp\htdocs\crud_sederhana_yii1\framework\base\CModel.php(260): MasUser->createValidators()
#3 C:\xampp\htdocs\crud_sederhana_yii1\framework\base\CModel.php(547): MasUser->getValidators()
#4 C:\xampp\htdocs\crud_sederhana_yii1\framework\web\widgets\CActiveForm.php(564): MasUser->getSafeAttributeNames()
#5 C:\xampp\htdocs\crud_sederhana_yii1\protected\views\user\_form.php(17): CActiveForm->errorSummary()
#6 C:\xampp\htdocs\crud_sederhana_yii1\framework\web\CBaseController.php(126): require()
#7 C:\xampp\htdocs\crud_sederhana_yii1\framework\web\CBaseController.php(95): UserController->renderInternal()
#8 C:\xampp\htdocs\crud_sederhana_yii1\framework\web\CController.php(869): UserController->renderFile()
#9 C:\xampp\htdocs\crud_sederhana_yii1\framework\web\CController.php(782): UserController->renderPartial()
#10 C:\xampp\htdocs\crud_sederhana_yii1\protected\controllers\UserController.php(68): UserController->render()
#11 C:\xampp\htdocs\crud_sederhana_yii1\framework\web\actions\CInlineAction.php(49): UserController->actionCreate()
#12 C:\xampp\htdocs\crud_sederhana_yii1\framework\web\CController.php(308): CInlineAction->runWithParams()
#13 C:\xampp\htdocs\crud_sederhana_yii1\framework\web\filters\CFilterChain.php(133): UserController->runAction()
#14 C:\xampp\htdocs\crud_sederhana_yii1\framework\web\filters\CFilter.php(40): CFilterChain->run()
#15 C:\xampp\htdocs\crud_sederhana_yii1\framework\web\CController.php(1145): CAccessControlFilter->filter()
#16 C:\xampp\htdocs\crud_sederhana_yii1\framework\web\filters\CInlineFilter.php(58): UserController->filterAccessControl()
#17 C:\xampp\htdocs\crud_sederhana_yii1\framework\web\filters\CFilterChain.php(130): CInlineFilter->filter()
#18 C:\xampp\htdocs\crud_sederhana_yii1\framework\web\CController.php(291): CFilterChain->run()
#19 C:\xampp\htdocs\crud_sederhana_yii1\framework\web\CController.php(265): UserController->runActionWithFilters()
#20 C:\xampp\htdocs\crud_sederhana_yii1\framework\web\CWebApplication.php(282): UserController->run()
#21 C:\xampp\htdocs\crud_sederhana_yii1\framework\web\CWebApplication.php(141): CWebApplication->runController()
#22 C:\xampp\htdocs\crud_sederhana_yii1\framework\base\CApplication.php(180): CWebApplication->processRequest()
#23 C:\xampp\htdocs\crud_sederhana_yii1\index.php(14): CWebApplication->run()
REQUEST_URI=/crud_sederhana_yii1/user/create
in C:\xampp\htdocs\crud_sederhana_yii1\protected\views\user\_form.php (17)
in C:\xampp\htdocs\crud_sederhana_yii1\protected\controllers\UserController.php (68)
in C:\xampp\htdocs\crud_sederhana_yii1\index.php (14)
2014/11/13 16:39:06 [error] [php] include(required , role_id.php): failed to open stream: No such file or directory (C:\xampp\htdocs\crud_sederhana_yii1\framework\YiiBase.php:427)
Stack trace:
#0 C:\xampp\htdocs\crud_sederhana_yii1\framework\validators\CValidator.php(186): import()
#1 C:\xampp\htdocs\crud_sederhana_yii1\framework\base\CModel.php(287): createValidator()
#2 C:\xampp\htdocs\crud_sederhana_yii1\framework\base\CModel.php(260): MasUser->createValidators()
#3 C:\xampp\htdocs\crud_sederhana_yii1\framework\base\CModel.php(547): MasUser->getValidators()
#4 C:\xampp\htdocs\crud_sederhana_yii1\framework\web\widgets\CActiveForm.php(564): MasUser->getSafeAttributeNames()
#5 C:\xampp\htdocs\crud_sederhana_yii1\protected\views\user\_form.php(17): CActiveForm->errorSummary()
#6 C:\xampp\htdocs\crud_sederhana_yii1\framework\web\CBaseController.php(126): require()
#7 C:\xampp\htdocs\crud_sederhana_yii1\framework\web\CBaseController.php(95): UserController->renderInternal()
#8 C:\xampp\htdocs\crud_sederhana_yii1\framework\web\CController.php(869): UserController->renderFile()
#9 C:\xampp\htdocs\crud_sederhana_yii1\framework\web\CController.php(782): UserController->renderPartial()
#10 C:\xampp\htdocs\crud_sederhana_yii1\protected\controllers\UserController.php(68): UserController->render()
#11 C:\xampp\htdocs\crud_sederhana_yii1\framework\web\actions\CInlineAction.php(49): UserController->actionCreate()
#12 C:\xampp\htdocs\crud_sederhana_yii1\framework\web\CController.php(308): CInlineAction->runWithParams()
#13 C:\xampp\htdocs\crud_sederhana_yii1\framework\web\filters\CFilterChain.php(133): UserController->runAction()
#14 C:\xampp\htdocs\crud_sederhana_yii1\framework\web\filters\CFilter.php(40): CFilterChain->run()
#15 C:\xampp\htdocs\crud_sederhana_yii1\framework\web\CController.php(1145): CAccessControlFilter->filter()
#16 C:\xampp\htdocs\crud_sederhana_yii1\framework\web\filters\CInlineFilter.php(58): UserController->filterAccessControl()
#17 C:\xampp\htdocs\crud_sederhana_yii1\framework\web\filters\CFilterChain.php(130): CInlineFilter->filter()
#18 C:\xampp\htdocs\crud_sederhana_yii1\framework\web\CController.php(291): CFilterChain->run()
#19 C:\xampp\htdocs\crud_sederhana_yii1\framework\web\CController.php(265): UserController->runActionWithFilters()
#20 C:\xampp\htdocs\crud_sederhana_yii1\framework\web\CWebApplication.php(282): UserController->run()
#21 C:\xampp\htdocs\crud_sederhana_yii1\framework\web\CWebApplication.php(141): CWebApplication->runController()
#22 C:\xampp\htdocs\crud_sederhana_yii1\framework\base\CApplication.php(180): CWebApplication->processRequest()
#23 C:\xampp\htdocs\crud_sederhana_yii1\index.php(14): CWebApplication->run()
REQUEST_URI=/crud_sederhana_yii1/user/create
in C:\xampp\htdocs\crud_sederhana_yii1\protected\views\user\_form.php (17)
in C:\xampp\htdocs\crud_sederhana_yii1\protected\controllers\UserController.php (68)
in C:\xampp\htdocs\crud_sederhana_yii1\index.php (14)
2014/11/13 16:39:16 [error] [php] include(required , role_id.php): failed to open stream: No such file or directory (C:\xampp\htdocs\crud_sederhana_yii1\framework\YiiBase.php:427)
Stack trace:
#0 C:\xampp\htdocs\crud_sederhana_yii1\framework\validators\CValidator.php(186): import()
#1 C:\xampp\htdocs\crud_sederhana_yii1\framework\base\CModel.php(287): createValidator()
#2 C:\xampp\htdocs\crud_sederhana_yii1\framework\base\CModel.php(260): MasUser->createValidators()
#3 C:\xampp\htdocs\crud_sederhana_yii1\framework\base\CModel.php(547): MasUser->getValidators()
#4 C:\xampp\htdocs\crud_sederhana_yii1\framework\web\widgets\CActiveForm.php(564): MasUser->getSafeAttributeNames()
#5 C:\xampp\htdocs\crud_sederhana_yii1\protected\views\user\_form.php(17): CActiveForm->errorSummary()
#6 C:\xampp\htdocs\crud_sederhana_yii1\framework\web\CBaseController.php(126): require()
#7 C:\xampp\htdocs\crud_sederhana_yii1\framework\web\CBaseController.php(95): UserController->renderInternal()
#8 C:\xampp\htdocs\crud_sederhana_yii1\framework\web\CController.php(869): UserController->renderFile()
#9 C:\xampp\htdocs\crud_sederhana_yii1\framework\web\CController.php(782): UserController->renderPartial()
#10 C:\xampp\htdocs\crud_sederhana_yii1\protected\controllers\UserController.php(68): UserController->render()
#11 C:\xampp\htdocs\crud_sederhana_yii1\framework\web\actions\CInlineAction.php(49): UserController->actionCreate()
#12 C:\xampp\htdocs\crud_sederhana_yii1\framework\web\CController.php(308): CInlineAction->runWithParams()
#13 C:\xampp\htdocs\crud_sederhana_yii1\framework\web\filters\CFilterChain.php(133): UserController->runAction()
#14 C:\xampp\htdocs\crud_sederhana_yii1\framework\web\filters\CFilter.php(40): CFilterChain->run()
#15 C:\xampp\htdocs\crud_sederhana_yii1\framework\web\CController.php(1145): CAccessControlFilter->filter()
#16 C:\xampp\htdocs\crud_sederhana_yii1\framework\web\filters\CInlineFilter.php(58): UserController->filterAccessControl()
#17 C:\xampp\htdocs\crud_sederhana_yii1\framework\web\filters\CFilterChain.php(130): CInlineFilter->filter()
#18 C:\xampp\htdocs\crud_sederhana_yii1\framework\web\CController.php(291): CFilterChain->run()
#19 C:\xampp\htdocs\crud_sederhana_yii1\framework\web\CController.php(265): UserController->runActionWithFilters()
#20 C:\xampp\htdocs\crud_sederhana_yii1\framework\web\CWebApplication.php(282): UserController->run()
#21 C:\xampp\htdocs\crud_sederhana_yii1\framework\web\CWebApplication.php(141): CWebApplication->runController()
#22 C:\xampp\htdocs\crud_sederhana_yii1\framework\base\CApplication.php(180): CWebApplication->processRequest()
#23 C:\xampp\htdocs\crud_sederhana_yii1\index.php(14): CWebApplication->run()
REQUEST_URI=/crud_sederhana_yii1/user/create
in C:\xampp\htdocs\crud_sederhana_yii1\protected\views\user\_form.php (17)
in C:\xampp\htdocs\crud_sederhana_yii1\protected\controllers\UserController.php (68)
in C:\xampp\htdocs\crud_sederhana_yii1\index.php (14)
2014/11/13 16:44:36 [error] [exception.CException] exception 'CException' with message 'Properti "MasUser.id" tidak didefinisikan.' in C:\xampp\htdocs\crud_sederhana_yii1\framework\base\CComponent.php:130
Stack trace:
#0 C:\xampp\htdocs\crud_sederhana_yii1\framework\db\ar\CActiveRecord.php(145): CComponent->__get('id')
#1 C:\xampp\htdocs\crud_sederhana_yii1\framework\base\CComponent.php(612) : eval()'d code(1): CActiveRecord->__get('id')
#2 C:\xampp\htdocs\crud_sederhana_yii1\framework\base\CComponent.php(612): eval()
#3 C:\xampp\htdocs\crud_sederhana_yii1\framework\zii\widgets\grid\CButtonColumn.php(340): CComponent->evaluateExpression('inc::root_url("...', Array)
#4 C:\xampp\htdocs\crud_sederhana_yii1\framework\zii\widgets\grid\CButtonColumn.php(319): CButtonColumn->renderButton('update', Array, 0, Object(MasUser))
#5 C:\xampp\htdocs\crud_sederhana_yii1\framework\zii\widgets\grid\CGridColumn.php(151): CButtonColumn->renderDataCellContent(0, Object(MasUser))
#6 C:\xampp\htdocs\crud_sederhana_yii1\framework\zii\widgets\grid\CGridView.php(616): CGridColumn->renderDataCell(0)
#7 C:\xampp\htdocs\crud_sederhana_yii1\framework\zii\widgets\grid\CGridView.php(572): CGridView->renderTableRow(0)
#8 C:\xampp\htdocs\crud_sederhana_yii1\framework\zii\widgets\grid\CGridView.php(482): CGridView->renderTableBody()
#9 C:\xampp\htdocs\crud_sederhana_yii1\framework\zii\widgets\CBaseListView.php(167): CGridView->renderItems()
#10 [internal function]: CBaseListView->renderSection(Array)
#11 C:\xampp\htdocs\crud_sederhana_yii1\framework\zii\widgets\CBaseListView.php(150): preg_replace_callback('/{(\w+)}/', Array, '{summary}?{item...')
#12 C:\xampp\htdocs\crud_sederhana_yii1\framework\zii\widgets\CBaseListView.php(135): CBaseListView->renderContent()
#13 C:\xampp\htdocs\crud_sederhana_yii1\framework\web\CBaseController.php(173): CBaseListView->run()
#14 C:\xampp\htdocs\crud_sederhana_yii1\protected\views\user\index.php(38): CBaseController->widget('zii.widgets.gri...', Array)
#15 C:\xampp\htdocs\crud_sederhana_yii1\framework\web\CBaseController.php(126): require('C:\xampp\htdocs...')
#16 C:\xampp\htdocs\crud_sederhana_yii1\framework\web\CBaseController.php(95): CBaseController->renderInternal('C:\xampp\htdocs...', Array, true)
#17 C:\xampp\htdocs\crud_sederhana_yii1\framework\web\CController.php(869): CBaseController->renderFile('C:\xampp\htdocs...', Array, true)
#18 C:\xampp\htdocs\crud_sederhana_yii1\framework\web\CController.php(782): CController->renderPartial('index', Array, true)
#19 C:\xampp\htdocs\crud_sederhana_yii1\protected\controllers\UserController.php(42): CController->render('index', Array)
#20 C:\xampp\htdocs\crud_sederhana_yii1\framework\web\actions\CInlineAction.php(49): UserController->actionIndex()
#21 C:\xampp\htdocs\crud_sederhana_yii1\framework\web\CController.php(308): CInlineAction->runWithParams(Array)
#22 C:\xampp\htdocs\crud_sederhana_yii1\framework\web\filters\CFilterChain.php(133): CController->runAction(Object(CInlineAction))
#23 C:\xampp\htdocs\crud_sederhana_yii1\framework\web\filters\CFilter.php(40): CFilterChain->run()
#24 C:\xampp\htdocs\crud_sederhana_yii1\framework\web\CController.php(1145): CFilter->filter(Object(CFilterChain))
#25 C:\xampp\htdocs\crud_sederhana_yii1\framework\web\filters\CInlineFilter.php(58): CController->filterAccessControl(Object(CFilterChain))
#26 C:\xampp\htdocs\crud_sederhana_yii1\framework\web\filters\CFilterChain.php(130): CInlineFilter->filter(Object(CFilterChain))
#27 C:\xampp\htdocs\crud_sederhana_yii1\framework\web\CController.php(291): CFilterChain->run()
#28 C:\xampp\htdocs\crud_sederhana_yii1\framework\web\CController.php(265): CController->runActionWithFilters(Object(CInlineAction), Array)
#29 C:\xampp\htdocs\crud_sederhana_yii1\framework\web\CWebApplication.php(282): CController->run('index')
#30 C:\xampp\htdocs\crud_sederhana_yii1\framework\web\CWebApplication.php(141): CWebApplication->runController('user/index')
#31 C:\xampp\htdocs\crud_sederhana_yii1\framework\base\CApplication.php(180): CWebApplication->processRequest()
#32 C:\xampp\htdocs\crud_sederhana_yii1\index.php(14): CApplication->run()
#33 {main}
REQUEST_URI=/crud_sederhana_yii1/user/index
HTTP_REFERER=http://localhost:94/crud_sederhana_yii1/user/create
---
2014/11/13 16:45:26 [error] [exception.CException] exception 'CException' with message 'Properti "MasUser.id" tidak didefinisikan.' in C:\xampp\htdocs\crud_sederhana_yii1\framework\base\CComponent.php:130
Stack trace:
#0 C:\xampp\htdocs\crud_sederhana_yii1\framework\db\ar\CActiveRecord.php(145): CComponent->__get('id')
#1 C:\xampp\htdocs\crud_sederhana_yii1\framework\base\CComponent.php(612) : eval()'d code(1): CActiveRecord->__get('id')
#2 C:\xampp\htdocs\crud_sederhana_yii1\framework\base\CComponent.php(612): eval()
#3 C:\xampp\htdocs\crud_sederhana_yii1\framework\zii\widgets\grid\CButtonColumn.php(340): CComponent->evaluateExpression('inc::root_url("...', Array)
#4 C:\xampp\htdocs\crud_sederhana_yii1\framework\zii\widgets\grid\CButtonColumn.php(319): CButtonColumn->renderButton('update', Array, 0, Object(MasUser))
#5 C:\xampp\htdocs\crud_sederhana_yii1\framework\zii\widgets\grid\CGridColumn.php(151): CButtonColumn->renderDataCellContent(0, Object(MasUser))
#6 C:\xampp\htdocs\crud_sederhana_yii1\framework\zii\widgets\grid\CGridView.php(616): CGridColumn->renderDataCell(0)
#7 C:\xampp\htdocs\crud_sederhana_yii1\framework\zii\widgets\grid\CGridView.php(572): CGridView->renderTableRow(0)
#8 C:\xampp\htdocs\crud_sederhana_yii1\framework\zii\widgets\grid\CGridView.php(482): CGridView->renderTableBody()
#9 C:\xampp\htdocs\crud_sederhana_yii1\framework\zii\widgets\CBaseListView.php(167): CGridView->renderItems()
#10 [internal function]: CBaseListView->renderSection(Array)
#11 C:\xampp\htdocs\crud_sederhana_yii1\framework\zii\widgets\CBaseListView.php(150): preg_replace_callback('/{(\w+)}/', Array, '{summary}?{item...')
#12 C:\xampp\htdocs\crud_sederhana_yii1\framework\zii\widgets\CBaseListView.php(135): CBaseListView->renderContent()
#13 C:\xampp\htdocs\crud_sederhana_yii1\framework\web\CBaseController.php(173): CBaseListView->run()
#14 C:\xampp\htdocs\crud_sederhana_yii1\protected\views\user\index.php(38): CBaseController->widget('zii.widgets.gri...', Array)
#15 C:\xampp\htdocs\crud_sederhana_yii1\framework\web\CBaseController.php(126): require('C:\xampp\htdocs...')
#16 C:\xampp\htdocs\crud_sederhana_yii1\framework\web\CBaseController.php(95): CBaseController->renderInternal('C:\xampp\htdocs...', Array, true)
#17 C:\xampp\htdocs\crud_sederhana_yii1\framework\web\CController.php(869): CBaseController->renderFile('C:\xampp\htdocs...', Array, true)
#18 C:\xampp\htdocs\crud_sederhana_yii1\framework\web\CController.php(782): CController->renderPartial('index', Array, true)
#19 C:\xampp\htdocs\crud_sederhana_yii1\protected\controllers\UserController.php(42): CController->render('index', Array)
#20 C:\xampp\htdocs\crud_sederhana_yii1\framework\web\actions\CInlineAction.php(49): UserController->actionIndex()
#21 C:\xampp\htdocs\crud_sederhana_yii1\framework\web\CController.php(308): CInlineAction->runWithParams(Array)
#22 C:\xampp\htdocs\crud_sederhana_yii1\framework\web\filters\CFilterChain.php(133): CController->runAction(Object(CInlineAction))
#23 C:\xampp\htdocs\crud_sederhana_yii1\framework\web\filters\CFilter.php(40): CFilterChain->run()
#24 C:\xampp\htdocs\crud_sederhana_yii1\framework\web\CController.php(1145): CFilter->filter(Object(CFilterChain))
#25 C:\xampp\htdocs\crud_sederhana_yii1\framework\web\filters\CInlineFilter.php(58): CController->filterAccessControl(Object(CFilterChain))
#26 C:\xampp\htdocs\crud_sederhana_yii1\framework\web\filters\CFilterChain.php(130): CInlineFilter->filter(Object(CFilterChain))
#27 C:\xampp\htdocs\crud_sederhana_yii1\framework\web\CController.php(291): CFilterChain->run()
#28 C:\xampp\htdocs\crud_sederhana_yii1\framework\web\CController.php(265): CController->runActionWithFilters(Object(CInlineAction), Array)
#29 C:\xampp\htdocs\crud_sederhana_yii1\framework\web\CWebApplication.php(282): CController->run('index')
#30 C:\xampp\htdocs\crud_sederhana_yii1\framework\web\CWebApplication.php(141): CWebApplication->runController('user/index')
#31 C:\xampp\htdocs\crud_sederhana_yii1\framework\base\CApplication.php(180): CWebApplication->processRequest()
#32 C:\xampp\htdocs\crud_sederhana_yii1\index.php(14): CApplication->run()
#33 {main}
REQUEST_URI=/crud_sederhana_yii1/user/index
---
